This is pdfTeX, Version 3.141592653-2.6-1.40.23 (TeX Live 2022/dev) (preloaded format=pdflatex 2022.2.13)  1 FEB 2023 19:12
entering extended mode
 restricted \write18 enabled.
 file:line:error style messages enabled.
 %&-line parsing enabled.
**chapter.tex
(./chapter.tex
LaTeX2e <2021-11-15> patch level 1
L3 programming layer <2022-02-05>
./chapter.tex:9: Undefined control sequence.
l.9 \chapter
            {Chapter Heading}
? 
./chapter.tex:9: Emergency stop.
l.9 \chapter
            {Chapter Heading}
End of file on the terminal!

 
Here is how much of TeX's memory you used:
 16 strings out of 478278
 391 string characters out of 5846547
 289198 words of memory out of 5000000
 18322 multiletter control sequences out of 15000+600000
 469259 words of font info for 28 fonts, out of 8000000 for 9000
 1141 hyphenation exceptions out of 8191
 13i,0n,12p,113b,10s stack positions out of 5000i,500n,10000p,200000b,80000s
./chapter.tex:9:  ==> Fatal error occurred, no output PDF file produced!
