This is pdfTeX, Version 3.141592653-2.6-1.40.23 (TeX Live 2022/dev) (preloaded format=pdflatex 2022.2.13)  1 MAY 2024 09:09
entering extended mode
 restricted \write18 enabled.
 file:line:error style messages enabled.
 %&-line parsing enabled.
**/Users/yingyingzhu/Documents/work/publications_on_work/recommendation_systems_book/RSFIE_main.tex
(/Users/yingyingzhu/Documents/work/publications_on_work/recommendation_systems_book/RSFIE_main.tex
LaTeX2e <2021-11-15> patch level 1
L3 programming layer <2022-02-05> (./svmono.cls
Document Class: svmono 2021/09/08 v5.10 
Springer Verlag global LaTeX document class for monographs
Class Springer-SVMono Info: extra/valid Springer sub-package 
(Springer-SVMono)           not found in option list - using "global" style.
(/usr/local/texlive/2021/texmf-dist/tex/latex/base/article.cls
Document Class: article 2021/10/04 v1.4n Standard LaTeX document class
(/usr/local/texlive/2021/texmf-dist/tex/latex/base/size10.clo
File: size10.clo 2021/10/04 v1.4n Standard LaTeX file (size option)
)
\c@part=\count185
\c@section=\count186
\c@subsection=\count187
\c@subsubsection=\count188
\c@paragraph=\count189
\c@subparagraph=\count190
\c@figure=\count191
\c@table=\count192
\abovecaptionskip=\skip47
\belowcaptionskip=\skip48
\bibindent=\dimen138
)
\svparindent=\dimen139
\betweenumberspace=\dimen140
\headlineindent=\dimen141
\c@chapter=\count193
\mottowidth=\dimen142
\svitemindent=\dimen143
\verbatimindent=\dimen144
LaTeX Font Info:    Redeclaring math symbol \Gamma on input line 839.
LaTeX Font Info:    Redeclaring math symbol \Delta on input line 840.
LaTeX Font Info:    Redeclaring math symbol \Theta on input line 841.
LaTeX Font Info:    Redeclaring math symbol \Lambda on input line 842.
LaTeX Font Info:    Redeclaring math symbol \Xi on input line 843.
LaTeX Font Info:    Redeclaring math symbol \Pi on input line 844.
LaTeX Font Info:    Redeclaring math symbol \Sigma on input line 845.
LaTeX Font Info:    Redeclaring math symbol \Upsilon on input line 846.
LaTeX Font Info:    Redeclaring math symbol \Phi on input line 847.
LaTeX Font Info:    Redeclaring math symbol \Psi on input line 848.
LaTeX Font Info:    Redeclaring math symbol \Omega on input line 849.
\tocchpnum=\dimen145
\tocsecnum=\dimen146
\tocsectotal=\dimen147
\tocsubsecnum=\dimen148
\tocsubsectotal=\dimen149
\tocsubsubsecnum=\dimen150
\tocsubsubsectotal=\dimen151
\tocparanum=\dimen152
\tocparatotal=\dimen153
\tocsubparanum=\dimen154
\foot@parindent=\dimen155
\spthmsep=\dimen156
\c@theorem=\count194
\c@case=\count195
\c@conjecture=\count196
\c@corollary=\count197
\c@definition=\count198
\c@example=\count199
\c@exercise=\count266
\c@lemma=\count267
\c@note=\count268
\c@problem=\count269
\c@property=\count270
\c@proposition=\count271
\c@question=\count272
\c@solution=\count273
\c@remark=\count274
\c@prob=\count275
\instindent=\dimen157
\figgap=\dimen158
\bildb@x=\box50
\figcapgap=\dimen159
\tabcapgap=\dimen160
\c@merk=\count276
LaTeX Info: Redefining \abstract on input line 1902.
 (/usr/local/texlive/2021/texmf-dist/tex/latex/xcolor/xcolor.sty
Package: xcolor 2021/10/31 v2.13 LaTeX color extensions (UK)
 (/usr/local/texlive/2021/texmf-dist/tex/latex/graphics-cfg/color.cfg
File: color.cfg 2016/01/02 v1.6 sample color configuration
)
Package xcolor Info: Driver file: pdftex.def on input line 227.
 (/usr/local/texlive/2021/texmf-dist/tex/latex/graphics-def/pdftex.def
File: pdftex.def 2020/10/05 v1.2a Graphics/color driver for pdftex
)
Package xcolor Info: Model `cmy' substituted by `cmy0' on input line 1352.
Package xcolor Info: Model `hsb' substituted by `rgb' on input line 1356.
Package xcolor Info: Model `RGB' extended on input line 1368.
Package xcolor Info: Model `HTML' substituted by `rgb' on input line 1370.
Package xcolor Info: Model `Hsb' substituted by `hsb' on input line 1371.
Package xcolor Info: Model `tHsb' substituted by `hsb' on input line 1372.
Package xcolor Info: Model `HSB' substituted by `hsb' on input line 1373.
Package xcolor Info: Model `Gray' substituted by `gray' on input line 1374.
Package xcolor Info: Model `wave' substituted by `hsb' on input line 1375.
 (/usr/local/texlive/2021/texmf-dist/tex/latex/xcolor/x11nam.def
File: x11nam.def 2021/10/31 v2.13 Predefined colors according to Unix/X11 (UK)
)) (/usr/local/texlive/2021/texmf-dist/tex/latex/ntheorem/ntheorem.sty
Style `ntheorem', Version 1.33 <2011/08/15>
Package: ntheorem 2011/08/15 1.33
(/usr/local/texlive/2021/texmf-dist/tex/latex/base/ifthen.sty
Package: ifthen 2020/11/24 v1.1c Standard LaTeX ifthen package (DPC)
)
\theorem@style=\toks16
\theorem@@style=\toks17
\theorembodyfont=\toks18
\theoremnumbering=\toks19
\theorempreskipamount=\skip49
\theorempostskipamount=\skip50
\theoremframepreskipamount=\skip51
\theoremframepostskipamount=\skip52
\theoreminframepreskipamount=\skip53
\theoreminframepostskipamount=\skip54
\theorem@preskip=\toks20
\theorem@postskip=\toks21
\theorem@framepreskip=\toks22
\theorem@framepostskip=\toks23
\theorem@inframepreskip=\toks24
\theorem@inframepostskip=\toks25
\theoremindent=\dimen161
\theorem@indent=\dimen162
\theoremrightindent=\dimen163
\theorem@rightindent=\dimen164
\theoremheaderfont=\toks26
\theoremseparator=\toks27
\theoremprework=\toks28
\theorempostwork=\toks29
\theoremsymbol=\toks30
\qedsymbol=\toks31
\theoremkeyword=\toks32
\qedsymbol=\toks33
\thm@topsep=\skip55
\thm@topsepadd=\skip56
Package ntheorem Info: Option `thmmarks' loaded on input line 1175.
\c@endNonectr=\count277
\c@currNonectr=\count278
\mysavskip=\skip57
Package ntheorem Info: Option `thref' loaded on input line 1175.
\mysavskip=\skip58
)
\c@currproofctr=\count279
\c@endproofctr=\count280
\c@proof=\count281
\minitoc=\write3
\c@minitocdepth=\count282
\c@@inst=\count283
\c@@auth=\count284
\c@auco=\count285
\instindent=\dimen165
\authrun=\box51
\authorrunning=\toks34
\tocauthor=\toks35
\titrun=\box52
\titlerunning=\toks36
\toctitle=\toks37
\c@contribution=\count286
) (/usr/local/texlive/2021/texmf-dist/tex/latex/framed/framed.sty
Package: framed 2011/10/22 v 0.96: framed or shaded text with page breaks
\OuterFrameSep=\skip59
\fb@frw=\dimen166
\fb@frh=\dimen167
\FrameRule=\dimen168
\FrameSep=\dimen169
) (/usr/local/texlive/2021/texmf-dist/tex/latex/cite/cite.sty
LaTeX Info: Redefining \cite on input line 302.
LaTeX Info: Redefining \nocite on input line 332.
Package: cite 2015/02/27  v 5.5
) (/usr/local/texlive/2021/texmf-dist/tex/latex/type1cm/type1cm.sty
Package: type1cm 2002/09/05 v0.04 BlueSky/Y&Y Type1 CM font definitions (DPC, patched RF)
) (/usr/local/texlive/2021/texmf-dist/tex/latex/base/makeidx.sty
Package: makeidx 2021/10/04 v1.0m Standard LaTeX package
) (/usr/local/texlive/2021/texmf-dist/tex/latex/graphics/graphicx.sty
Package: graphicx 2021/09/16 v1.2d Enhanced LaTeX Graphics (DPC,SPQR)
 (/usr/local/texlive/2021/texmf-dist/tex/latex/graphics/keyval.sty
Package: keyval 2014/10/28 v1.15 key=value parser (DPC)
\KV@toks@=\toks38
) (/usr/local/texlive/2021/texmf-dist/tex/latex/graphics/graphics.sty
Package: graphics 2021/03/04 v1.4d Standard LaTeX Graphics (DPC,SPQR)
 (/usr/local/texlive/2021/texmf-dist/tex/latex/graphics/trig.sty
Package: trig 2021/08/11 v1.11 sin cos tan (DPC)
) (/usr/local/texlive/2021/texmf-dist/tex/latex/graphics-cfg/graphics.cfg
File: graphics.cfg 2016/06/04 v1.11 sample graphics configuration
)
Package graphics Info: Driver file: pdftex.def on input line 107.
)
\Gin@req@height=\dimen170
\Gin@req@width=\dimen171
) (/usr/local/texlive/2021/texmf-dist/tex/latex/tools/multicol.sty
Package: multicol 2021/10/28 v1.9b multicolumn formatting (FMi)
\c@tracingmulticols=\count287
\mult@box=\box53
\multicol@leftmargin=\dimen172
\c@unbalance=\count288
\c@collectmore=\count289
\doublecol@number=\count290
\multicoltolerance=\count291
\multicolpretolerance=\count292
\full@width=\dimen173
\page@free=\dimen174
\premulticols=\dimen175
\postmulticols=\dimen176
\multicolsep=\skip60
\multicolbaselineskip=\skip61
\partial@page=\box54
\last@line=\box55
\maxbalancingoverflow=\dimen177
\mult@rightbox=\box56
\mult@grightbox=\box57
\mult@firstbox=\box58
\mult@gfirstbox=\box59
\@tempa=\box60
\@tempa=\box61
\@tempa=\box62
\@tempa=\box63
\@tempa=\box64
\@tempa=\box65
\@tempa=\box66
\@tempa=\box67
\@tempa=\box68
\@tempa=\box69
\@tempa=\box70
\@tempa=\box71
\@tempa=\box72
\@tempa=\box73
\@tempa=\box74
\@tempa=\box75
\@tempa=\box76
\@tempa=\box77
\@tempa=\box78
\@tempa=\box79
\@tempa=\box80
\@tempa=\box81
\@tempa=\box82
\@tempa=\box83
\@tempa=\box84
\@tempa=\box85
\@tempa=\box86
\@tempa=\box87
\@tempa=\box88
\@tempa=\box89
\@tempa=\box90
\@tempa=\box91
\@tempa=\box92
\@tempa=\box93
\@tempa=\box94
\@tempa=\box95
\c@minrows=\count293
\c@columnbadness=\count294
\c@finalcolumnbadness=\count295
\last@try=\dimen178
\multicolovershoot=\dimen179
\multicolundershoot=\dimen180
\mult@nat@firstbox=\box96
\colbreak@box=\box97
\mc@col@check@num=\count296
) (/usr/local/texlive/2021/texmf-dist/tex/latex/footmisc/footmisc.sty
Package: footmisc 2022/02/10 v6.0a a miscellany of footnote facilities
\FN@temptoken=\toks39
\footnotemargin=\dimen181
\@outputbox@depth=\dimen182
Package footmisc Info: Declaring symbol style bringhurst on input line 657.
Package footmisc Info: Declaring symbol style chicago on input line 665.
Package footmisc Info: Declaring symbol style wiley on input line 674.
Package footmisc Info: Declaring symbol style lamport-robust on input line 685.
Package footmisc Info: Declaring symbol style lamport* on input line 705.
Package footmisc Info: Declaring symbol style lamport*-robust on input line 726.
) (/usr/local/texlive/2021/texmf-dist/tex/latex/newtx/newtxtext.sty
Package: newtxtext 2022/01/11 v1.705(Michael Sharpe) latex and unicode latex support for TeXGyreTermesX
 `newtxtext' v1.705, 2022/01/11 Text macros taking advantage of TeXGyre Termes and its extensions (msharpe) (/usr/local/texlive/2021/texmf-dist/tex/latex/base/fontenc.sty
Package: fontenc 2021/04/29 v2.0v Standard LaTeX package
) (/usr/local/texlive/2021/texmf-dist/tex/generic/iftex/ifxetex.sty
Package: ifxetex 2019/10/25 v0.7 ifxetex legacy package. Use iftex instead.
 (/usr/local/texlive/2021/texmf-dist/tex/generic/iftex/iftex.sty
Package: iftex 2022/02/03 v1.0f TeX engine tests
)) (/usr/local/texlive/2021/texmf-dist/tex/generic/iftex/ifluatex.sty
Package: ifluatex 2019/10/25 v1.5 ifluatex legacy package. Use iftex instead.
) (/usr/local/texlive/2021/texmf-dist/tex/latex/xkeyval/xkeyval.sty
Package: xkeyval 2020/11/20 v2.8 package option processing (HA)
 (/usr/local/texlive/2021/texmf-dist/tex/generic/xkeyval/xkeyval.tex (/usr/local/texlive/2021/texmf-dist/tex/generic/xkeyval/xkvutils.tex
\XKV@toks=\toks40
\XKV@tempa@toks=\toks41
)
\XKV@depth=\count297
File: xkeyval.tex 2014/12/03 v2.7a key=value parser (HA)
)) (/usr/local/texlive/2021/texmf-dist/tex/latex/etoolbox/etoolbox.sty
Package: etoolbox 2020/10/05 v2.5k e-TeX tools for LaTeX (JAW)
\etb@tempcnta=\count298
) (/usr/local/texlive/2021/texmf-dist/tex/latex/base/textcomp.sty
Package: textcomp 2020/02/02 v2.0n Standard LaTeX package
) (/usr/local/texlive/2021/texmf-dist/tex/generic/xstring/xstring.sty (/usr/local/texlive/2021/texmf-dist/tex/generic/xstring/xstring.tex
\integerpart=\count299
\decimalpart=\count300
)
Package: xstring 2021/07/21 v1.84 String manipulations (CT)
) (/usr/local/texlive/2021/texmf-dist/tex/latex/carlisle/scalefnt.sty)
LaTeX Font Info:    Setting ntxLF sub-encoding to TS1/0 on input line 27.
LaTeX Font Info:    Setting ntxTLF sub-encoding to TS1/0 on input line 27.
LaTeX Font Info:    Setting ntxOsF sub-encoding to TS1/0 on input line 27.
LaTeX Font Info:    Setting ntxTOsF sub-encoding to TS1/0 on input line 27.
 (/usr/local/texlive/2021/texmf-dist/tex/generic/kastrup/binhex.tex)
\ntx@tmpcnta=\count301
\ntx@cnt=\count302
 (/usr/local/texlive/2021/texmf-dist/tex/latex/fontaxes/fontaxes.sty
Package: fontaxes 2020/07/21 v1.0e Font selection axes
LaTeX Info: Redefining \upshape on input line 29.
LaTeX Info: Redefining \itshape on input line 31.
LaTeX Info: Redefining \slshape on input line 33.
LaTeX Info: Redefining \swshape on input line 35.
LaTeX Info: Redefining \scshape on input line 37.
LaTeX Info: Redefining \sscshape on input line 39.
LaTeX Info: Redefining \ulcshape on input line 41.
LaTeX Info: Redefining \textsw on input line 47.
LaTeX Info: Redefining \textssc on input line 48.
LaTeX Info: Redefining \textulc on input line 49.
)
LaTeX Info: Redefining \textsu on input line 541.
LaTeX Info: Redefining \oldstylenums on input line 631.
) (/usr/local/texlive/2021/texmf-dist/tex/latex/newtx/newtxmath.sty
Package: newtxmath 2021/12/18 v1.7
 `newtxmath' v1.7, 2021/12/18 Math macros based originally on txfonts (msharpe) (/usr/local/texlive/2021/texmf-dist/tex/latex/amsmath/amsmath.sty
Package: amsmath 2021/10/15 v2.17l AMS math features
\@mathmargin=\skip62

For additional information on amsmath, use the `?' option.
(/usr/local/texlive/2021/texmf-dist/tex/latex/amsmath/amstext.sty
Package: amstext 2021/08/26 v2.01 AMS text
 (/usr/local/texlive/2021/texmf-dist/tex/latex/amsmath/amsgen.sty
File: amsgen.sty 1999/11/30 v2.0 generic functions
\@emptytoks=\toks42
\ex@=\dimen183
)) (/usr/local/texlive/2021/texmf-dist/tex/latex/amsmath/amsbsy.sty
Package: amsbsy 1999/11/29 v1.2d Bold Symbols
\pmbraise@=\dimen184
) (/usr/local/texlive/2021/texmf-dist/tex/latex/amsmath/amsopn.sty
Package: amsopn 2021/08/26 v2.02 operator names
)
\inf@bad=\count303
LaTeX Info: Redefining \frac on input line 234.
\uproot@=\count304
\leftroot@=\count305
LaTeX Info: Redefining \overline on input line 399.
\classnum@=\count306
\DOTSCASE@=\count307
LaTeX Info: Redefining \ldots on input line 496.
LaTeX Info: Redefining \dots on input line 499.
LaTeX Info: Redefining \cdots on input line 620.
\Mathstrutbox@=\box98
\strutbox@=\box99
\big@size=\dimen185
LaTeX Font Info:    Redeclaring font encoding OML on input line 743.
LaTeX Font Info:    Redeclaring font encoding OMS on input line 744.
\macc@depth=\count308
\c@MaxMatrixCols=\count309
\dotsspace@=\muskip16
\c@parentequation=\count310
\dspbrk@lvl=\count311
\tag@help=\toks43
\row@=\count312
\column@=\count313
\maxfields@=\count314
\andhelp@=\toks44
\eqnshift@=\dimen186
\alignsep@=\dimen187
\tagshift@=\dimen188
\tagwidth@=\dimen189
\totwidth@=\dimen190
\lineht@=\dimen191
\@envbody=\toks45
\multlinegap=\skip63
\multlinetaggap=\skip64
\mathdisplay@stack=\toks46
LaTeX Info: Redefining \[ on input line 2938.
LaTeX Info: Redefining \] on input line 2939.
) (/usr/local/texlive/2021/texmf-dist/tex/latex/oberdiek/centernot.sty
Package: centernot 2016/05/16 v1.4 Centers the not symbol horizontally (HO)
)
\tx@cntz=\count315
 (/usr/local/texlive/2021/texmf-dist/tex/generic/kastrup/binhex.tex)
\tx@Isdigit=\count316
\tx@IsAlNum=\count317
\tx@tA=\toks47
\tx@tB=\toks48
\tx@su=\read2

amsthm NOT loaded
LaTeX Font Info:    Redeclaring symbol font `operators' on input line 373.
LaTeX Font Info:    Overwriting symbol font `operators' in version `normal'
(Font)                  OT1/cmr/m/n --> OT1/ntxtlf/m/n on input line 373.
LaTeX Font Info:    Overwriting symbol font `operators' in version `bold'
(Font)                  OT1/cmr/bx/n --> OT1/ntxtlf/m/n on input line 373.
LaTeX Font Info:    Overwriting symbol font `operators' in version `bold'
(Font)                  OT1/ntxtlf/m/n --> OT1/ntxtlf/b/n on input line 374.
LaTeX Font Info:    Redeclaring math alphabet \mathsf on input line 380.
LaTeX Font Info:    Overwriting math alphabet `\mathsf' in version `normal'
(Font)                  OT1/cmss/m/n --> T1/qhv/m/n on input line 380.
LaTeX Font Info:    Overwriting math alphabet `\mathsf' in version `bold'
(Font)                  OT1/cmss/bx/n --> T1/qhv/m/n on input line 380.
LaTeX Font Info:    Redeclaring math alphabet \mathit on input line 381.
LaTeX Font Info:    Overwriting math alphabet `\mathit' in version `normal'
(Font)                  OT1/cmr/m/it --> OT1/ntxtlf/m/it on input line 381.
LaTeX Font Info:    Overwriting math alphabet `\mathit' in version `bold'
(Font)                  OT1/cmr/bx/it --> OT1/ntxtlf/m/it on input line 381.
LaTeX Font Info:    Redeclaring math alphabet \mathtt on input line 382.
LaTeX Font Info:    Overwriting math alphabet `\mathtt' in version `normal'
(Font)                  OT1/cmtt/m/n --> T1/ntxtt/m/n on input line 382.
LaTeX Font Info:    Overwriting math alphabet `\mathtt' in version `bold'
(Font)                  OT1/cmtt/m/n --> T1/ntxtt/m/n on input line 382.
LaTeX Font Info:    Redeclaring math alphabet \mathbf on input line 384.
LaTeX Font Info:    Overwriting math alphabet `\mathbf' in version `normal'
(Font)                  OT1/cmr/bx/n --> OT1/ntxtlf/b/n on input line 384.
LaTeX Font Info:    Overwriting math alphabet `\mathbf' in version `bold'
(Font)                  OT1/cmr/bx/n --> OT1/ntxtlf/b/n on input line 384.
LaTeX Font Info:    Overwriting math alphabet `\mathit' in version `bold'
(Font)                  OT1/ntxtlf/m/it --> OT1/ntxtlf/b/it on input line 385.
LaTeX Font Info:    Overwriting math alphabet `\mathsf' in version `bold'
(Font)                  T1/qhv/m/n --> T1/qhv/b/n on input line 386.
LaTeX Font Info:    Overwriting math alphabet `\mathtt' in version `bold'
(Font)                  T1/ntxtt/m/n --> T1/ntxtt/b/n on input line 387.
LaTeX Font Info:    Redeclaring symbol font `letters' on input line 488.
LaTeX Font Info:    Overwriting symbol font `letters' in version `normal'
(Font)                  OML/cmm/m/it --> OML/ntxmi/m/it on input line 488.
LaTeX Font Info:    Overwriting symbol font `letters' in version `bold'
(Font)                  OML/cmm/b/it --> OML/ntxmi/m/it on input line 488.
LaTeX Font Info:    Overwriting symbol font `letters' in version `bold'
(Font)                  OML/ntxmi/m/it --> OML/ntxmi/b/it on input line 489.
\symlettersA=\mathgroup4
LaTeX Font Info:    Overwriting symbol font `lettersA' in version `bold'
(Font)                  U/ntxmia/m/it --> U/ntxmia/b/it on input line 544.
Now handling font encoding LMS ...
... no UTF-8 mapping file for font encoding LMS
LaTeX Font Info:    Redeclaring symbol font `symbols' on input line 565.
LaTeX Font Info:    Encoding `OMS' has changed to `LMS' for symbol font
(Font)              `symbols' in the math version `normal' on input line 565.
LaTeX Font Info:    Overwriting symbol font `symbols' in version `normal'
(Font)                  OMS/cmsy/m/n --> LMS/ntxsy/m/n on input line 565.
LaTeX Font Info:    Encoding `OMS' has changed to `LMS' for symbol font
(Font)              `symbols' in the math version `bold' on input line 565.
LaTeX Font Info:    Overwriting symbol font `symbols' in version `bold'
(Font)                  OMS/cmsy/b/n --> LMS/ntxsy/m/n on input line 565.
LaTeX Font Info:    Overwriting symbol font `symbols' in version `bold'
(Font)                  LMS/ntxsy/m/n --> LMS/ntxsy/b/n on input line 566.
\symAMSm=\mathgroup5
LaTeX Font Info:    Overwriting symbol font `AMSm' in version `bold'
(Font)                  U/ntxsym/m/n --> U/ntxsym/b/n on input line 591.
\symsymbolsC=\mathgroup6
LaTeX Font Info:    Overwriting symbol font `symbolsC' in version `bold'
(Font)                  U/ntxsyc/m/n --> U/ntxsyc/b/n on input line 612.
Now handling font encoding LMX ...
... no UTF-8 mapping file for font encoding LMX
LaTeX Font Info:    Redeclaring symbol font `largesymbols' on input line 625.
LaTeX Font Info:    Encoding `OMX' has changed to `LMX' for symbol font
(Font)              `largesymbols' in the math version `normal' on input line 625.
LaTeX Font Info:    Overwriting symbol font `largesymbols' in version `normal'
(Font)                  OMX/cmex/m/n --> LMX/ntxexx/m/n on input line 625.
LaTeX Font Info:    Encoding `OMX' has changed to `LMX' for symbol font
(Font)              `largesymbols' in the math version `bold' on input line 625.
LaTeX Font Info:    Overwriting symbol font `largesymbols' in version `bold'
(Font)                  OMX/cmex/m/n --> LMX/ntxexx/m/n on input line 625.
LaTeX Font Info:    Overwriting symbol font `largesymbols' in version `bold'
(Font)                  LMX/ntxexx/m/n --> LMX/ntxexx/b/n on input line 626.
\symlargesymbolsTXA=\mathgroup7
LaTeX Font Info:    Overwriting symbol font `largesymbolsTXA' in version `bold'
(Font)                  U/ntxexa/m/n --> U/ntxexa/b/n on input line 640.
\tx@sbptoks=\toks49
LaTeX Font Info:    Redeclaring math delimiter \lfloor on input line 863.
LaTeX Font Info:    Redeclaring math delimiter \rfloor on input line 864.
LaTeX Font Info:    Redeclaring math delimiter \lceil on input line 865.
LaTeX Font Info:    Redeclaring math delimiter \rceil on input line 866.
LaTeX Font Info:    Redeclaring math delimiter \lbrace on input line 867.
LaTeX Font Info:    Redeclaring math delimiter \rbrace on input line 868.
LaTeX Font Info:    Redeclaring math delimiter \langle on input line 869.
LaTeX Font Info:    Redeclaring math delimiter \rangle on input line 871.
LaTeX Font Info:    Redeclaring math delimiter \arrowvert on input line 875.
LaTeX Font Info:    Redeclaring math delimiter \vert on input line 876.
LaTeX Font Info:    Redeclaring math symbol \hbar on input line 922.
LaTeX Font Info:    Redeclaring math accent \dot on input line 947.
LaTeX Font Info:    Redeclaring math accent \ddot on input line 948.
LaTeX Font Info:    Redeclaring math accent \vec on input line 2017.
LaTeX Info: Redefining \Bbbk on input line 2807.
LaTeX Info: Redefining \not on input line 2956.
)
\@indexfile=\write4
\openout4 = `RSFIE_main.idx'.


Writing index file RSFIE_main.idx
LaTeX Font Info:    Trying to load font information for T1+ntxtlf on input line 41.
(/usr/local/texlive/2021/texmf-dist/tex/latex/newtx/t1ntxtlf.fd
File: t1ntxtlf.fd 2021/05/24 v1.1 font definition file for T1/ntx/tlf
)
LaTeX Font Info:    Font shape `T1/ntxtlf/m/n' will be
(Font)              scaled to size 10.0pt on input line 41.
 (/usr/local/texlive/2021/texmf-dist/tex/latex/l3backend/l3backend-pdftex.def
File: l3backend-pdftex.def 2022-02-07 L3 backend support: PDF output (pdfTeX)
\l__color_backend_stack_int=\count318
\l__pdf_internal_box=\box100
) (./RSFIE_main.aux)
\openout1 = `RSFIE_main.aux'.

LaTeX Font Info:    Checking defaults for OML/ntxmi/m/it on input line 41.
LaTeX Font Info:    Trying to load font information for OML+ntxmi on input line 41.
 (/usr/local/texlive/2021/texmf-dist/tex/latex/newtx/omlntxmi.fd
File: omlntxmi.fd 2015/08/25 Fontinst v1.933 font definitions for OML/ntxmi.
)
LaTeX Font Info:    ... okay on input line 41.
LaTeX Font Info:    Checking defaults for OMS/cmsy/m/n on input line 41.
LaTeX Font Info:    ... okay on input line 41.
LaTeX Font Info:    Checking defaults for OT1/cmr/m/n on input line 41.
LaTeX Font Info:    ... okay on input line 41.
LaTeX Font Info:    Checking defaults for T1/cmr/m/n on input line 41.
LaTeX Font Info:    ... okay on input line 41.
LaTeX Font Info:    Checking defaults for TS1/cmr/m/n on input line 41.
LaTeX Font Info:    ... okay on input line 41.
LaTeX Font Info:    Checking defaults for OMX/cmex/m/n on input line 41.
LaTeX Font Info:    ... okay on input line 41.
LaTeX Font Info:    Checking defaults for U/ntxexa/m/n on input line 41.
LaTeX Font Info:    Trying to load font information for U+ntxexa on input line 41.
 (/usr/local/texlive/2021/texmf-dist/tex/latex/newtx/untxexa.fd
File: untxexa.fd 2012/04/16 Fontinst v1.933 font definitions for U/ntxexa.
)
LaTeX Font Info:    ... okay on input line 41.
LaTeX Font Info:    Checking defaults for LMS/ntxsy/m/n on input line 41.
LaTeX Font Info:    Trying to load font information for LMS+ntxsy on input line 41.
 (/usr/local/texlive/2021/texmf-dist/tex/latex/newtx/lmsntxsy.fd
File: lmsntxsy.fd 2016/07/02 Fontinst v1.933 font definitions for LMS/ntxsy.
)
LaTeX Font Info:    ... okay on input line 41.
LaTeX Font Info:    Checking defaults for LMX/ntxexx/m/n on input line 41.
LaTeX Font Info:    Trying to load font information for LMX+ntxexx on input line 41.
 (/usr/local/texlive/2021/texmf-dist/tex/latex/newtx/lmxntxexx.fd
File: lmxntxexx.fd 2016/07/03 Fontinst v1.933 font definitions for LMX/ntxexx.
)
LaTeX Font Info:    ... okay on input line 41.
 (/usr/local/texlive/2021/texmf-dist/tex/context/base/mkii/supp-pdf.mkii
[Loading MPS to PDF converter (version 2006.09.02).]
\scratchcounter=\count319
\scratchdimen=\dimen192
\scratchbox=\box101
\nofMPsegments=\count320
\nofMParguments=\count321
\everyMPshowfont=\toks50
\MPscratchCnt=\count322
\MPscratchDim=\dimen193
\MPnumerator=\count323
\makeMPintoPDFobject=\count324
\everyMPtoPDFconversion=\toks51
) (/usr/local/texlive/2021/texmf-dist/tex/latex/epstopdf-pkg/epstopdf-base.sty
Package: epstopdf-base 2020-01-24 v2.11 Base part for package epstopdf
 (/usr/local/texlive/2021/texmf-dist/tex/generic/infwarerr/infwarerr.sty
Package: infwarerr 2019/12/03 v1.5 Providing info/warning/error messages (HO)
) (/usr/local/texlive/2021/texmf-dist/tex/latex/grfext/grfext.sty
Package: grfext 2019/12/03 v1.3 Manage graphics extensions (HO)
 (/usr/local/texlive/2021/texmf-dist/tex/generic/kvdefinekeys/kvdefinekeys.sty
Package: kvdefinekeys 2019-12-19 v1.6 Define keys (HO)
)) (/usr/local/texlive/2021/texmf-dist/tex/latex/kvoptions/kvoptions.sty
Package: kvoptions 2020-10-07 v3.14 Key value format for package options (HO)
 (/usr/local/texlive/2021/texmf-dist/tex/generic/ltxcmds/ltxcmds.sty
Package: ltxcmds 2020-05-10 v1.25 LaTeX kernel commands for general use (HO)
) (/usr/local/texlive/2021/texmf-dist/tex/generic/kvsetkeys/kvsetkeys.sty
Package: kvsetkeys 2019/12/15 v1.18 Key value parser (HO)
)) (/usr/local/texlive/2021/texmf-dist/tex/generic/pdftexcmds/pdftexcmds.sty
Package: pdftexcmds 2020-06-27 v0.33 Utility functions of pdfTeX for LuaTeX (HO)
Package pdftexcmds Info: \pdf@primitive is available.
Package pdftexcmds Info: \pdf@ifprimitive is available.
Package pdftexcmds Info: \pdfdraftmode found.
)
Package epstopdf-base Info: Redefining graphics rule for `.eps' on input line 485.
Package grfext Info: Graphics extension search list:
(grfext)             [.pdf,.png,.jpg,.mps,.jpeg,.jbig2,.jb2,.PDF,.PNG,.JPG,.JPEG,.JBIG2,.JB2,.eps]
(grfext)             \AppendGraphicsExtensions on input line 504.
 (/usr/local/texlive/2021/texmf-dist/tex/latex/latexconfig/epstopdf-sys.cfg
File: epstopdf-sys.cfg 2010/07/13 v1.3 Configuration of (r)epstopdf for TeX Live
))
\c@mv@tabular=\count325
\c@mv@boldtabular=\count326
LaTeX Font Info:    Font shape `T1/ntxtlf/m/n' will be
(Font)              scaled to size 18.0pt on input line 46.
LaTeX Font Info:    Font shape `T1/ntxtlf/m/n' will be
(Font)              scaled to size 24.88pt on input line 46.
LaTeX Font Info:    Font shape `T1/ntxtlf/m/n' will be
(Font)              scaled to size 12.0pt on input line 46.
LaTeX Font Info:    Font shape `T1/ntxtlf/m/n' will be
(Font)              scaled to size 14.0pt on input line 46.
 [1

{/usr/local/texlive/2021/texmf-var/fonts/map/pdftex/updmap/pdftex.map}] [2


]
LaTeX Font Info:    Font shape `T1/ntxtlf/m/n' will be
(Font)              scaled to size 16.0pt on input line 55.
LaTeX Font Info:    Font shape `T1/ntxtlf/b/n' will be
(Font)              scaled to size 16.0pt on input line 55.
LaTeX Font Info:    Trying to load font information for OT1+ntxtlf on input line 55.
 (/usr/local/texlive/2021/texmf-dist/tex/latex/newtx/ot1ntxtlf.fd
File: ot1ntxtlf.fd 2021/05/24 v1.0 font definition file for OT1/ntx/tlf
)
LaTeX Font Info:    Font shape `OT1/ntxtlf/m/n' will be
(Font)              scaled to size 10.0pt on input line 55.
LaTeX Font Info:    Font shape `OT1/ntxtlf/m/n' will be
(Font)              scaled to size 7.3pt on input line 55.
LaTeX Font Info:    Font shape `OT1/ntxtlf/m/n' will be
(Font)              scaled to size 5.5pt on input line 55.
LaTeX Font Info:    Trying to load font information for U+ntxmia on input line 55.
 (/usr/local/texlive/2021/texmf-dist/tex/latex/newtx/untxmia.fd
File: untxmia.fd 2018/04/14 Fontinst v1.933 font definitions for U/ntxmia.
)
LaTeX Font Info:    Trying to load font information for U+ntxsym on input line 55.
 (/usr/local/texlive/2021/texmf-dist/tex/latex/newtx/untxsym.fd
File: untxsym.fd 2015/03/20 Fontinst v1.933 font definitions for U/ntxsym.
)
LaTeX Font Info:    Trying to load font information for U+ntxsyc on input line 55.
 (/usr/local/texlive/2021/texmf-dist/tex/latex/newtx/untxsyc.fd
File: untxsyc.fd 2012/04/12 Fontinst v1.933 font definitions for U/ntxsyc.
) (./RSFIE_main.toc
LaTeX Font Info:    Font shape `T1/ntxtlf/b/n' will be
(Font)              scaled to size 10.0pt on input line 1.
LaTeX Font Info:    Font shape `T1/ntxtlf/m/n' will be
(Font)              scaled to size 8.5pt on input line 28.
 [5


])
\tf@toc=\write5
\openout5 = `RSFIE_main.toc'.

 [6]
\openout2 = `acronym.aux'.

 (./acronym.tex
LaTeX Font Info:    Font shape `T1/ntxtlf/m/it' will be
(Font)              scaled to size 10.0pt on input line 10.

Overfull \hbox (3.22217pt too wide) in paragraph at lines 10--11
\T1/ntxtlf/m/n/10 Use the tem-plate \T1/ntxtlf/m/it/10 acronym.tex \T1/ntxtlf/m/n/10 to-gether with the doc-u-ment class SV-Mono (monograph-
 []

LaTeX Font Info:    Trying to load font information for T1+ntxtt on input line 12.
(/usr/local/texlive/2021/texmf-dist/tex/latex/newtx/t1ntxtt.fd
File: t1ntxtt.fd 2012/04/20 v3.1
)
LaTeX Font Info:    Font shape `T1/ntxtt/m/n' will be
(Font)              scaled to size 10.0pt on input line 12.
) [7



] [8




]
\openout2 = `chapter1.aux'.

 (./chapter1.tex
Chapter 1.
LaTeX Font Info:    Font shape `T1/ntxtlf/b/n' will be
(Font)              scaled to size 14.0pt on input line 9.
LaTeX Font Info:    Font shape `T1/ntxtlf/b/n' will be
(Font)              scaled to size 12.0pt on input line 20.
(./references_chapter1.tex
LaTeX Font Info:    Trying to load font information for T1+ntxsups on input line 23.
 (/usr/local/texlive/2021/texmf-dist/tex/latex/newtx/t1ntxsups.fd
File: t1ntxsups.fd 2015/01/17 v1.0
)
LaTeX Font Info:    Font shape `T1/ntxsups/m/n' will be
(Font)              scaled to size 10.0pt on input line 23.
LaTeX Font Info:    Font shape `T1/ntxsups/m/n' will be
(Font)              scaled to size 8.5pt on input line 23.
LaTeX Font Info:    Font shape `T1/ntxtlf/m/it' will be
(Font)              scaled to size 8.5pt on input line 23.
 [1



])) [2]
\openout2 = `chapter2.aux'.

 (./chapter2.tex
Chapter 2.
(./references.tex [3





]
LaTeX Font Info:    Trying to load font information for TS1+ntxtlf on input line 29.
 (/usr/local/texlive/2021/texmf-dist/tex/latex/newtx/ts1ntxtlf.fd
File: ts1ntxtlf.fd 2015/01/18 v1.0 fd file for TS1/ntxtlf
)
LaTeX Font Info:    Font shape `TS1/ntxtlf/m/n' will be
(Font)              scaled to size 10.0pt on input line 29.


LaTeX Warning: Citation `science-contrib' on page 4 undefined on input line 29.


LaTeX Warning: Citation `science-online' on page 4 undefined on input line 29.


LaTeX Warning: Citation `science-mono' on page 4 undefined on input line 29.


LaTeX Warning: Citation `science-journal' on page 4 undefined on input line 29.


LaTeX Warning: Citation `science-DOI' on page 4 undefined on input line 29.


LaTeX Warning: Citation `phys-online' on page 4 undefined on input line 29.


LaTeX Warning: Citation `phys-mono' on page 4 undefined on input line 29.


LaTeX Warning: Citation `phys-journal' on page 4 undefined on input line 29.


LaTeX Warning: Citation `phys-DOI' on page 4 undefined on input line 29.


LaTeX Warning: Citation `phys-contrib' on page 4 undefined on input line 29.


LaTeX Warning: Citation `psysoc-mono' on page 4 undefined on input line 29.


LaTeX Warning: Citation `psysoc-online' on page 4 undefined on input line 29.


LaTeX Warning: Citation `psysoc-journal' on page 4 undefined on input line 29.


LaTeX Warning: Citation `psysoc-contrib' on page 4 undefined on input line 29.


LaTeX Warning: Citation `psysoc-DOI' on page 4 undefined on input line 29.


LaTeX Warning: Citation `humlinphil-journal' on page 4 undefined on input line 29.


LaTeX Warning: Citation `humlinphil-contrib' on page 4 undefined on input line 29.


LaTeX Warning: Citation `humlinphil-mono' on page 4 undefined on input line 29.


LaTeX Warning: Citation `humlinphil-online' on page 4 undefined on input line 29.


LaTeX Warning: Citation `humlinphil-DOI' on page 4 undefined on input line 29.


LaTeX Warning: Citation `basic-contrib' on page 4 undefined on input line 29.


LaTeX Warning: Citation `basic-online' on page 4 undefined on input line 29.


LaTeX Warning: Citation `basic-journal' on page 4 undefined on input line 29.


LaTeX Warning: Citation `basic-DOI' on page 4 undefined on input line 29.


LaTeX Warning: Citation `basic-mono' on page 4 undefined on input line 29.

LaTeX Font Info:    Font shape `T1/ntxtlf/b/n' will be
(Font)              scaled to size 8.5pt on input line 47.
[4])) [5]
\openout2 = `chapter3.aux'.

 (./chapter3.tex [6





]
Chapter 3.
(./references.tex [7]

LaTeX Warning: Citation `science-contrib' on page 8 undefined on input line 29.


LaTeX Warning: Citation `science-online' on page 8 undefined on input line 29.


LaTeX Warning: Citation `science-mono' on page 8 undefined on input line 29.


LaTeX Warning: Citation `science-journal' on page 8 undefined on input line 29.


LaTeX Warning: Citation `science-DOI' on page 8 undefined on input line 29.


LaTeX Warning: Citation `phys-online' on page 8 undefined on input line 29.


LaTeX Warning: Citation `phys-mono' on page 8 undefined on input line 29.


LaTeX Warning: Citation `phys-journal' on page 8 undefined on input line 29.


LaTeX Warning: Citation `phys-DOI' on page 8 undefined on input line 29.


LaTeX Warning: Citation `phys-contrib' on page 8 undefined on input line 29.


LaTeX Warning: Citation `psysoc-mono' on page 8 undefined on input line 29.


LaTeX Warning: Citation `psysoc-online' on page 8 undefined on input line 29.


LaTeX Warning: Citation `psysoc-journal' on page 8 undefined on input line 29.


LaTeX Warning: Citation `psysoc-contrib' on page 8 undefined on input line 29.


LaTeX Warning: Citation `psysoc-DOI' on page 8 undefined on input line 29.


LaTeX Warning: Citation `humlinphil-journal' on page 8 undefined on input line 29.


LaTeX Warning: Citation `humlinphil-contrib' on page 8 undefined on input line 29.


LaTeX Warning: Citation `humlinphil-mono' on page 8 undefined on input line 29.


LaTeX Warning: Citation `humlinphil-online' on page 8 undefined on input line 29.


LaTeX Warning: Citation `humlinphil-DOI' on page 8 undefined on input line 29.


LaTeX Warning: Citation `basic-contrib' on page 8 undefined on input line 29.


LaTeX Warning: Citation `basic-online' on page 8 undefined on input line 29.


LaTeX Warning: Citation `basic-journal' on page 8 undefined on input line 29.


LaTeX Warning: Citation `basic-DOI' on page 8 undefined on input line 29.


LaTeX Warning: Citation `basic-mono' on page 8 undefined on input line 29.

[8])) [9]
\openout2 = `chapter4.aux'.

 (./chapter4.tex [10





]
Chapter 4.
(./references.tex [11]

LaTeX Warning: Citation `science-contrib' on page 12 undefined on input line 29.


LaTeX Warning: Citation `science-online' on page 12 undefined on input line 29.


LaTeX Warning: Citation `science-mono' on page 12 undefined on input line 29.


LaTeX Warning: Citation `science-journal' on page 12 undefined on input line 29.


LaTeX Warning: Citation `science-DOI' on page 12 undefined on input line 29.


LaTeX Warning: Citation `phys-online' on page 12 undefined on input line 29.


LaTeX Warning: Citation `phys-mono' on page 12 undefined on input line 29.


LaTeX Warning: Citation `phys-journal' on page 12 undefined on input line 29.


LaTeX Warning: Citation `phys-DOI' on page 12 undefined on input line 29.


LaTeX Warning: Citation `phys-contrib' on page 12 undefined on input line 29.


LaTeX Warning: Citation `psysoc-mono' on page 12 undefined on input line 29.


LaTeX Warning: Citation `psysoc-online' on page 12 undefined on input line 29.


LaTeX Warning: Citation `psysoc-journal' on page 12 undefined on input line 29.


LaTeX Warning: Citation `psysoc-contrib' on page 12 undefined on input line 29.


LaTeX Warning: Citation `psysoc-DOI' on page 12 undefined on input line 29.


LaTeX Warning: Citation `humlinphil-journal' on page 12 undefined on input line 29.


LaTeX Warning: Citation `humlinphil-contrib' on page 12 undefined on input line 29.


LaTeX Warning: Citation `humlinphil-mono' on page 12 undefined on input line 29.


LaTeX Warning: Citation `humlinphil-online' on page 12 undefined on input line 29.


LaTeX Warning: Citation `humlinphil-DOI' on page 12 undefined on input line 29.


LaTeX Warning: Citation `basic-contrib' on page 12 undefined on input line 29.


LaTeX Warning: Citation `basic-online' on page 12 undefined on input line 29.


LaTeX Warning: Citation `basic-journal' on page 12 undefined on input line 29.


LaTeX Warning: Citation `basic-DOI' on page 12 undefined on input line 29.


LaTeX Warning: Citation `basic-mono' on page 12 undefined on input line 29.

[12])) [13]
\openout2 = `chapter5.aux'.

 (./chapter5.tex [14





]
Chapter 5.
LaTeX Font Info:    Font shape `T1/ntxtlf/m/n' will be
(Font)              scaled to size 11.0pt on input line 15.
LaTeX Font Info:    Font shape `T1/ntxtlf/b/n' will be
(Font)              scaled to size 11.0pt on input line 15.
(./references.tex [15]

LaTeX Warning: Citation `science-contrib' on page 16 undefined on input line 29.


LaTeX Warning: Citation `science-online' on page 16 undefined on input line 29.


LaTeX Warning: Citation `science-mono' on page 16 undefined on input line 29.


LaTeX Warning: Citation `science-journal' on page 16 undefined on input line 29.


LaTeX Warning: Citation `science-DOI' on page 16 undefined on input line 29.


LaTeX Warning: Citation `phys-online' on page 16 undefined on input line 29.


LaTeX Warning: Citation `phys-mono' on page 16 undefined on input line 29.


LaTeX Warning: Citation `phys-journal' on page 16 undefined on input line 29.


LaTeX Warning: Citation `phys-DOI' on page 16 undefined on input line 29.


LaTeX Warning: Citation `phys-contrib' on page 16 undefined on input line 29.


LaTeX Warning: Citation `psysoc-mono' on page 16 undefined on input line 29.


LaTeX Warning: Citation `psysoc-online' on page 16 undefined on input line 29.


LaTeX Warning: Citation `psysoc-journal' on page 16 undefined on input line 29.


LaTeX Warning: Citation `psysoc-contrib' on page 16 undefined on input line 29.


LaTeX Warning: Citation `psysoc-DOI' on page 16 undefined on input line 29.


LaTeX Warning: Citation `humlinphil-journal' on page 16 undefined on input line 29.


LaTeX Warning: Citation `humlinphil-contrib' on page 16 undefined on input line 29.


LaTeX Warning: Citation `humlinphil-mono' on page 16 undefined on input line 29.


LaTeX Warning: Citation `humlinphil-online' on page 16 undefined on input line 29.


LaTeX Warning: Citation `humlinphil-DOI' on page 16 undefined on input line 29.


LaTeX Warning: Citation `basic-contrib' on page 16 undefined on input line 29.


LaTeX Warning: Citation `basic-online' on page 16 undefined on input line 29.


LaTeX Warning: Citation `basic-journal' on page 16 undefined on input line 29.


LaTeX Warning: Citation `basic-DOI' on page 16 undefined on input line 29.


LaTeX Warning: Citation `basic-mono' on page 16 undefined on input line 29.

[16])) [17]
\openout2 = `chapter6.aux'.

 (./chapter6.tex [18





]
Chapter 6.
(./references.tex [19]

LaTeX Warning: Citation `science-contrib' on page 20 undefined on input line 29.


LaTeX Warning: Citation `science-online' on page 20 undefined on input line 29.


LaTeX Warning: Citation `science-mono' on page 20 undefined on input line 29.


LaTeX Warning: Citation `science-journal' on page 20 undefined on input line 29.


LaTeX Warning: Citation `science-DOI' on page 20 undefined on input line 29.


LaTeX Warning: Citation `phys-online' on page 20 undefined on input line 29.


LaTeX Warning: Citation `phys-mono' on page 20 undefined on input line 29.


LaTeX Warning: Citation `phys-journal' on page 20 undefined on input line 29.


LaTeX Warning: Citation `phys-DOI' on page 20 undefined on input line 29.


LaTeX Warning: Citation `phys-contrib' on page 20 undefined on input line 29.


LaTeX Warning: Citation `psysoc-mono' on page 20 undefined on input line 29.


LaTeX Warning: Citation `psysoc-online' on page 20 undefined on input line 29.


LaTeX Warning: Citation `psysoc-journal' on page 20 undefined on input line 29.


LaTeX Warning: Citation `psysoc-contrib' on page 20 undefined on input line 29.


LaTeX Warning: Citation `psysoc-DOI' on page 20 undefined on input line 29.


LaTeX Warning: Citation `humlinphil-journal' on page 20 undefined on input line 29.


LaTeX Warning: Citation `humlinphil-contrib' on page 20 undefined on input line 29.


LaTeX Warning: Citation `humlinphil-mono' on page 20 undefined on input line 29.


LaTeX Warning: Citation `humlinphil-online' on page 20 undefined on input line 29.


LaTeX Warning: Citation `humlinphil-DOI' on page 20 undefined on input line 29.


LaTeX Warning: Citation `basic-contrib' on page 20 undefined on input line 29.


LaTeX Warning: Citation `basic-online' on page 20 undefined on input line 29.


LaTeX Warning: Citation `basic-journal' on page 20 undefined on input line 29.


LaTeX Warning: Citation `basic-DOI' on page 20 undefined on input line 29.


LaTeX Warning: Citation `basic-mono' on page 20 undefined on input line 29.

[20])) [21]
\openout2 = `chapter7.aux'.

 (./chapter7.tex [22





]
Chapter 7.
(./references.tex [23]

LaTeX Warning: Citation `science-contrib' on page 24 undefined on input line 29.


LaTeX Warning: Citation `science-online' on page 24 undefined on input line 29.


LaTeX Warning: Citation `science-mono' on page 24 undefined on input line 29.


LaTeX Warning: Citation `science-journal' on page 24 undefined on input line 29.


LaTeX Warning: Citation `science-DOI' on page 24 undefined on input line 29.


LaTeX Warning: Citation `phys-online' on page 24 undefined on input line 29.


LaTeX Warning: Citation `phys-mono' on page 24 undefined on input line 29.


LaTeX Warning: Citation `phys-journal' on page 24 undefined on input line 29.


LaTeX Warning: Citation `phys-DOI' on page 24 undefined on input line 29.


LaTeX Warning: Citation `phys-contrib' on page 24 undefined on input line 29.


LaTeX Warning: Citation `psysoc-mono' on page 24 undefined on input line 29.


LaTeX Warning: Citation `psysoc-online' on page 24 undefined on input line 29.


LaTeX Warning: Citation `psysoc-journal' on page 24 undefined on input line 29.


LaTeX Warning: Citation `psysoc-contrib' on page 24 undefined on input line 29.


LaTeX Warning: Citation `psysoc-DOI' on page 24 undefined on input line 29.


LaTeX Warning: Citation `humlinphil-journal' on page 24 undefined on input line 29.


LaTeX Warning: Citation `humlinphil-contrib' on page 24 undefined on input line 29.


LaTeX Warning: Citation `humlinphil-mono' on page 24 undefined on input line 29.


LaTeX Warning: Citation `humlinphil-online' on page 24 undefined on input line 29.


LaTeX Warning: Citation `humlinphil-DOI' on page 24 undefined on input line 29.


LaTeX Warning: Citation `basic-contrib' on page 24 undefined on input line 29.


LaTeX Warning: Citation `basic-online' on page 24 undefined on input line 29.


LaTeX Warning: Citation `basic-journal' on page 24 undefined on input line 29.


LaTeX Warning: Citation `basic-DOI' on page 24 undefined on input line 29.


LaTeX Warning: Citation `basic-mono' on page 24 undefined on input line 29.

[24])) [25]
\openout2 = `appendix.aux'.

 (./appendix.tex [26





]
Appendix A.
LaTeX Font Info:    Calculating math sizes for size <16> on input line 11.
LaTeX Font Info:    Font shape `OT1/ntxtlf/b/n' will be
(Font)              scaled to size 16.0pt on input line 11.
LaTeX Font Info:    Font shape `OT1/ntxtlf/b/n' will be
(Font)              scaled to size 11.67993pt on input line 11.
LaTeX Font Info:    Font shape `OT1/ntxtlf/b/n' will be
(Font)              scaled to size 8.80005pt on input line 11.
) [27] [28




]
\openout2 = `glossary.aux'.

 (./glossary.tex) [29



] (./RSFIE_main.ind [30




] [31])
\tf@thm=\write6
\openout6 = `RSFIE_main.thm'.

 (./RSFIE_main.aux (./acronym.aux) (./chapter1.aux) (./chapter2.aux) (./chapter3.aux) (./chapter4.aux) (./chapter5.aux) (./chapter6.aux) (./chapter7.aux) (./appendix.aux) (./glossary.aux))

LaTeX Warning: There were undefined references.


LaTeX Warning: Label(s) may have changed. Rerun to get cross-references right.

 ) 
Here is how much of TeX's memory you used:
 9308 strings out of 478278
 137811 string characters out of 5846547
 432251 words of memory out of 5000000
 27279 multiletter control sequences out of 15000+600000
 541377 words of font info for 97 fonts, out of 8000000 for 9000
 1141 hyphenation exceptions out of 8191
 69i,6n,76p,698b,346s stack positions out of 5000i,500n,10000p,200000b,80000s
{/usr/local/texlive/2021/texmf-dist/fonts/enc/dvips/tex-gyre/q-ts1.enc}{/usr/local/texlive/2021/texmf-dist/fonts/enc/dvips/newtx/ntxsups_t1.enc}{/usr/local/texlive/2021/texmf-dist/fonts/enc/dvips/newtx/ntx-ec-tlf.enc}</usr/local/texlive/2021/texmf-dist/fonts/type1/public/newtx/ntxsups-Regular.pfb></usr/local/texlive/2021/texmf-dist/fonts/type1/public/tex-gyre/qtmr.pfb></usr/local/texlive/2021/texmf-dist/fonts/type1/public/txfonts/t1xtt.pfb></usr/local/texlive/2021/texmf-dist/fonts/type1/public/newtx/ztmb.pfb></usr/local/texlive/2021/texmf-dist/fonts/type1/public/newtx/ztmr.pfb></usr/local/texlive/2021/texmf-dist/fonts/type1/public/newtx/ztmri.pfb>
Output written on RSFIE_main.pdf (37 pages, 176081 bytes).
PDF statistics:
 159 PDF objects out of 1000 (max. 8388607)
 106 compressed objects within 2 object streams
 0 named destinations out of 1000 (max. 500000)
 1 words of extra memory for PDF output out of 10000 (max. 10000000)

